TOKEN: LPAREN    LEXEME: (
TOKEN: DIV       LEXEME: /
ARITH_OP -> /
BIN_OP -> ARITH_OP
TOKEN: INTCONST  LEXEME: 100
CONST -> INTCONST
100 -> 100
EXPR -> CONST
TOKEN: LPAREN    LEXEME: (
TOKEN: SUB       LEXEME: -
ARITH_OP -> -
BIN_OP -> ARITH_OP
TOKEN: INTCONST  LEXEME: 4
CONST -> INTCONST
4 -> 4
EXPR -> CONST
TOKEN: INTCONST  LEXEME: 4
CONST -> INTCONST
4 -> 4
EXPR -> CONST
ARITHLOGIC_EXPR -> BIN_OP EXPR EXPR
PARENTHESIZED_EXPR -> ARITHLOGIC_EXPR
TOKEN: RPAREN    LEXEME: )
EXPR -> ( PARENTHESIZED_EXPR )
ARITHLOGIC_EXPR -> BIN_OP EXPR EXPR
PARENTHESIZED_EXPR -> ARITHLOGIC_EXPR
TOKEN: RPAREN    LEXEME: )
EXPR -> ( PARENTHESIZED_EXPR )
START -> EXPR

---- Completed parsing ----

